build/intermediates/manifest_merge_blame_file/gprDebug/manifest-merger-blame-gpr-debug-report.txt
1<?xml version="1.0" encoding="utf-8"?>
2<manifest xmlns:android="http://schemas.android.com/apk/res/android"
3    package="com.example.seeksimple"
4    android:versionCode="210305"
5    android:versionName="4.2.0.0" >
6
7    <uses-sdk
8        android:minSdkVersion="21"
8-->src/main/AndroidManifest.xml
9        android:targetSdkVersion="29" />
9-->src/main/AndroidManifest.xml
10
11    <uses-permission android:name="android.permission.CAMERA" />
11-->src/main/AndroidManifest.xml:5:5-65
11-->src/main/AndroidManifest.xml:5:22-62
12
13    <uses-feature android:name="android.hardware.camera" />
13-->src/main/AndroidManifest.xml:6:5-60
13-->src/main/AndroidManifest.xml:6:19-57
14
15    <uses-permission android:name="android.permission.WRITE_EXTERNAL_STORAGE" />
15-->src/main/AndroidManifest.xml:7:5-81
15-->src/main/AndroidManifest.xml:7:22-78
16
17    <uses-feature android:name="android.hardware.camera2.full" />
17-->src/main/AndroidManifest.xml:8:5-66
17-->src/main/AndroidManifest.xml:8:19-63
18
19    <uses-permission android:name="android.permission.ACCESS_FINE_LOCATION" />
19-->src/main/AndroidManifest.xml:9:5-79
19-->src/main/AndroidManifest.xml:9:22-76
20    <!-- Needed only if your app targets Android 5.0 (API level 21) or higher. -->
21    <uses-feature android:name="android.hardware.location.gps" />
21-->src/main/AndroidManifest.xml:11:5-66
21-->src/main/AndroidManifest.xml:11:19-63
22    <uses-feature android:name="android.hardware.usb.host" />
22-->[:seek_android_sdk] AndroidManifest.xml:11:5-62
22-->[:seek_android_sdk] AndroidManifest.xml:11:19-59
23
24    <uses-permission android:name="android.permission.ACCESS_COARSE_LOCATION" />
24-->[:seek_android_sdk] AndroidManifest.xml:13:5-81
24-->[:seek_android_sdk] AndroidManifest.xml:13:22-78
25    <uses-permission android:name="android.permission.ACCESS_MEDIA_LOCATION" />
25-->[:seek_android_sdk] AndroidManifest.xml:15:5-80
25-->[:seek_android_sdk] AndroidManifest.xml:15:22-77
26    <uses-permission android:name="android.permission.READ_EXTERNAL_STORAGE" />
26-->[:seek_android_sdk] AndroidManifest.xml:16:5-80
26-->[:seek_android_sdk] AndroidManifest.xml:16:22-77
27    <uses-permission android:name="android.permission.RECORD_AUDIO" />
27-->[:seek_android_sdk] AndroidManifest.xml:19:5-71
27-->[:seek_android_sdk] AndroidManifest.xml:19:22-68
28
29    <application
29-->src/main/AndroidManifest.xml:13:5-33:19
30        android:allowBackup="true"
30-->src/main/AndroidManifest.xml:14:9-35
31        android:appComponentFactory="androidx.core.app.CoreComponentFactory"
31-->[androidx.core:core:1.3.1] AndroidManifest.xml:24:18-86
32        android:debuggable="true"
33        android:icon="@mipmap/ic_launcher"
33-->src/main/AndroidManifest.xml:15:9-43
34        android:label="@string/app_name"
34-->src/main/AndroidManifest.xml:16:9-41
35        android:requestLegacyExternalStorage="true"
35-->src/main/AndroidManifest.xml:20:9-52
36        android:roundIcon="@mipmap/ic_launcher_round"
36-->src/main/AndroidManifest.xml:17:9-54
37        android:supportsRtl="true"
37-->src/main/AndroidManifest.xml:18:9-35
38        android:testOnly="true"
39        android:theme="@style/AppTheme" >
39-->src/main/AndroidManifest.xml:19:9-40
40        <activity
40-->src/main/AndroidManifest.xml:22:9-32:20
41            android:name="com.thermal.seeksimple.MainActivity"
41-->src/main/AndroidManifest.xml:22:19-47
42            android:hardwareAccelerated="true"
42-->src/main/AndroidManifest.xml:24:13-47
43            android:launchMode="singleInstance" >
43-->src/main/AndroidManifest.xml:23:13-48
44            <intent-filter>
44-->src/main/AndroidManifest.xml:25:13-29:29
45                <action android:name="android.intent.action.MAIN" />
45-->src/main/AndroidManifest.xml:26:17-69
45-->src/main/AndroidManifest.xml:26:25-66
46
47                <category android:name="android.intent.category.LAUNCHER" />
47-->src/main/AndroidManifest.xml:27:17-77
47-->src/main/AndroidManifest.xml:27:27-74
48
49                <action android:name="android.hardware.usb.action.USB_DEVICE_ATTACHED" />
49-->src/main/AndroidManifest.xml:28:17-90
49-->src/main/AndroidManifest.xml:28:25-87
50            </intent-filter>
51
52            <meta-data
52-->src/main/AndroidManifest.xml:30:13-31:66
53                android:name="android.hardware.usb.action.USB_DEVICE_ATTACHED"
53-->src/main/AndroidManifest.xml:30:24-86
54                android:resource="@xml/seekware_device_filter" />
54-->src/main/AndroidManifest.xml:31:17-63
55        </activity>
56
57        <provider
57-->[androidx.lifecycle:lifecycle-process:2.1.0] AndroidManifest.xml:23:9-27:43
58            android:name="androidx.lifecycle.ProcessLifecycleOwnerInitializer"
58-->[androidx.lifecycle:lifecycle-process:2.1.0] AndroidManifest.xml:24:13-79
59            android:authorities="com.example.seeksimple.lifecycle-process"
59-->[androidx.lifecycle:lifecycle-process:2.1.0] AndroidManifest.xml:25:13-69
60            android:exported="false"
60-->[androidx.lifecycle:lifecycle-process:2.1.0] AndroidManifest.xml:26:13-37
61            android:multiprocess="true" />
61-->[androidx.lifecycle:lifecycle-process:2.1.0] AndroidManifest.xml:27:13-40
62    </application>
63
64</manifest>